INFO: [HLS 200-10] Running 'D:/Xilinx/Vitis_HLS/2020.2/bin/unwrapped/win64.o/vitis_hls.exe'
INFO: [HLS 200-10] For user 'rares' on host 'desktop-uvh7sf5' (Windows NT_amd64 version 6.2) on Mon Feb 07 13:42:33 +0200 2022
INFO: [HLS 200-10] In directory 'C:/Users/rares/Desktop/Teme_practice_de_trimis_la_CN'
Sourcing Tcl script 'C:/Users/rares/Desktop/Teme_practice_de_trimis_la_CN/intersectie-hls/solution1/csim.tcl'
INFO: [HLS 200-1510] Running: open_project intersectie-hls 
INFO: [HLS 200-10] Opening project 'C:/Users/rares/Desktop/Teme_practice_de_trimis_la_CN/intersectie-hls'.
INFO: [HLS 200-1510] Running: set_top intersectie 
INFO: [HLS 200-1510] Running: add_files intersectie-hls/intersectie.cpp 
INFO: [HLS 200-10] Adding design file 'intersectie-hls/intersectie.cpp' to the project
INFO: [HLS 200-1510] Running: add_files -tb intersectie-hls/intersectie.h -cflags -Wno-unknown-pragmas -csimflags -Wno-unknown-pragmas 
INFO: [HLS 200-10] Adding test bench file 'intersectie-hls/intersectie.h' to the project
INFO: [HLS 200-1510] Running: add_files -tb intersectie-hls/intersectie_test.cpp -cflags -Wno-unknown-pragmas -csimflags -Wno-unknown-pragmas 
INFO: [HLS 200-10] Adding test bench file 'intersectie-hls/intersectie_test.cpp' to the project
INFO: [HLS 200-1510] Running: open_solution solution1 -flow_target vivado 
INFO: [HLS 200-10] Opening solution 'C:/Users/rares/Desktop/Teme_practice_de_trimis_la_CN/intersectie-hls/solution1'.
INFO: [SYN 201-201] Setting up clock 'default' with a period of 10ns.
INFO: [HLS 200-10] Setting target device to 'xc7a100t-csg324-1'
INFO: [HLS 200-1505] Using flow_target 'vivado'
Resolution: For help on HLS 200-1505 see www.xilinx.com/cgi-bin/docs/rdoc?v=2020.2;t=hls+guidance;d=200-1505.html
INFO: [HLS 200-1510] Running: set_part xc7a100t-csg324-1 
INFO: [HLS 200-1510] Running: create_clock -period 10 -name default 
INFO: [HLS 200-1510] Running: set_directive_top -name intersectie intersectie 
INFO: [HLS 200-1510] Running: csim_design -quiet 
INFO: [SIM 211-2] *************** CSIM start ***************
INFO: [SIM 211-4] CSIM will launch GCC as the compiler.
   Compiling ../../../intersectie_test.cpp in debug mode
   Compiling ../../../intersectie.cpp in debug mode
   Generating csim.exe
In file included from D:/Xilinx/Vitis_HLS/2020.2/include/floating_point_v7_0_bitacc_cmodel.h:144:0,
                 from D:/Xilinx/Vitis_HLS/2020.2/include/hls_fpo.h:189,
                 from D:/Xilinx/Vitis_HLS/2020.2/include/hls_half_fpo.h:64,
                 from D:/Xilinx/Vitis_HLS/2020.2/include/hls_half.h:71,
                 from D:/Xilinx/Vitis_HLS/2020.2/include/etc/ap_private.h:91,
                 from D:/Xilinx/Vitis_HLS/2020.2/include/ap_common.h:646,
                 from D:/Xilinx/Vitis_HLS/2020.2/include/ap_int.h:55,
                 from ../../../intersectie.h:4,
                 from ../../../intersectie_test.cpp:1:
D:/Xilinx/Vitis_HLS/2020.2/include/gmp.h:63:0: warning: "__GMP_LIBGMP_DLL" redefined
 #define __GMP_LIBGMP_DLL  0
 
In file included from D:/Xilinx/Vitis_HLS/2020.2/include/hls_fpo.h:189:0,
                 from D:/Xilinx/Vitis_HLS/2020.2/include/hls_half_fpo.h:64,
                 from D:/Xilinx/Vitis_HLS/2020.2/include/hls_half.h:71,
                 from D:/Xilinx/Vitis_HLS/2020.2/include/etc/ap_private.h:91,
                 from D:/Xilinx/Vitis_HLS/2020.2/include/ap_common.h:646,
                 from D:/Xilinx/Vitis_HLS/2020.2/include/ap_int.h:55,
                 from ../../../intersectie.h:4,
                 from ../../../intersectie_test.cpp:1:
D:/Xilinx/Vitis_HLS/2020.2/include/floating_point_v7_0_bitacc_cmodel.h:136:0: note: this is the location of the previous definition
 #define __GMP_LIBGMP_DLL 1
 
In file included from D:/Xilinx/Vitis_HLS/2020.2/include/floating_point_v7_0_bitacc_cmodel.h:144:0,
                 from D:/Xilinx/Vitis_HLS/2020.2/include/hls_fpo.h:189,
                 from D:/Xilinx/Vitis_HLS/2020.2/include/hls_half_fpo.h:64,
                 from D:/Xilinx/Vitis_HLS/2020.2/include/hls_half.h:71,
                 from D:/Xilinx/Vitis_HLS/2020.2/include/etc/ap_private.h:91,
                 from D:/Xilinx/Vitis_HLS/2020.2/include/ap_common.h:646,
                 from D:/Xilinx/Vitis_HLS/2020.2/include/ap_int.h:55,
                 from ../../../intersectie.cpp:1:
D:/Xilinx/Vitis_HLS/2020.2/include/gmp.h:63:0: warning: "__GMP_LIBGMP_DLL" redefined
 #define __GMP_LIBGMP_DLL  0
 
In file included from D:/Xilinx/Vitis_HLS/2020.2/include/hls_fpo.h:189:0,
                 from D:/Xilinx/Vitis_HLS/2020.2/include/hls_half_fpo.h:64,
                 from D:/Xilinx/Vitis_HLS/2020.2/include/hls_half.h:71,
                 from D:/Xilinx/Vitis_HLS/2020.2/include/etc/ap_private.h:91,
                 from D:/Xilinx/Vitis_HLS/2020.2/include/ap_common.h:646,
                 from D:/Xilinx/Vitis_HLS/2020.2/include/ap_int.h:55,
                 from ../../../intersectie.cpp:1:
D:/Xilinx/Vitis_HLS/2020.2/include/floating_point_v7_0_bitacc_cmodel.h:136:0: note: this is the location of the previous definition
 #define __GMP_LIBGMP_DLL 1
 
digit = 0    valoare semafoare = 2
digit = 1    valoare semafoare = 1
digit = 2    valoare semafoare = 1
digit = 3    valoare semafoare = 1
digit = 4    valoare semafoare = 2
digit = 5    valoare semafoare = 2
digit = 6    valoare semafoare = 2
digit = 7    valoare semafoare = 1
digit = 8    valoare semafoare = 2
digit = 9    valoare semafoare = 2
digit = 10    valoare semafoare = 2
digit = 11    valoare semafoare = 1
digit = 12    valoare semafoare = 2
digit = 13    valoare semafoare = 2
digit = 14    valoare semafoare = 2
digit = 15    valoare semafoare = 2
Test trecut cu succes !
INFO: [SIM 211-1] CSim done with 0 errors.
INFO: [SIM 211-3] *************** CSIM finish ***************
INFO: [HLS 200-111] Finished Command csim_design CPU user time: 0 seconds. CPU system time: 0 seconds. Elapsed time: 8.368 seconds; current allocated memory: 97.582 MB.
