INFO: [SIM 2] *************** CSIM start ***************
INFO: [SIM 4] CSIM will launch GCC as the compiler.
   Compiling ../../../intersectie_test.cpp in debug mode
   Compiling ../../../intersectie.cpp in debug mode
   Generating csim.exe
digit = 0    valoare semafoare = 2
digit = 1    valoare semafoare = 1
digit = 2    valoare semafoare = 1
digit = 3    valoare semafoare = 1
digit = 4    valoare semafoare = 2
digit = 5    valoare semafoare = 2
digit = 6    valoare semafoare = 2
digit = 7    valoare semafoare = 1
digit = 8    valoare semafoare = 2
digit = 9    valoare semafoare = 2
digit = 10    valoare semafoare = 2
digit = 11    valoare semafoare = 1
digit = 12    valoare semafoare = 2
digit = 13    valoare semafoare = 2
digit = 14    valoare semafoare = 2
digit = 15    valoare semafoare = 2
Test trecut cu succes !
INFO: [SIM 1] CSim done with 0 errors.
INFO: [SIM 3] *************** CSIM finish ***************
